<?xml version="1.0" encoding="UTF-8"?>
<!-- Generated by org.testng.reporters.JUnitReportReporter -->
<testsuite hostname="DESKTOP-1S8TIOT" failures="0" tests="1" name="testauthentications.TestFakerDataGeneration" time="0.229" errors="0" timestamp="2024-02-29T15:21:33 IST" skipped="0">
  <testcase classname="testauthentications.TestFakerDataGeneration" name="testGenerateDummyData" time="0.229"/>
  <system-out/>
</testsuite> <!-- testauthentications.TestFakerDataGeneration -->
