<?xml version="1.0" encoding="UTF-8"?>
<!-- Generated by org.testng.reporters.JUnitReportReporter -->
<testsuite hostname="DESKTOP-1S8TIOT" failures="0" tests="1" name="schemavalidations.TestJsonSchemaValidation" time="2.365" errors="0" timestamp="2024-02-29T14:31:48 IST" skipped="0">
  <testcase classname="schemavalidations.TestJsonSchemaValidation" name="jsonSchemavalidation" time="2.365"/>
  <system-out/>
</testsuite> <!-- schemavalidations.TestJsonSchemaValidation -->
