<?xml version="1.0" encoding="UTF-8"?>
<!-- Generated by org.testng.reporters.JUnitReportReporter -->
<testsuite hostname="DESKTOP-1S8TIOT" failures="0" tests="3" name="testauthentications.TestAuthentication" time="6.497" errors="0" timestamp="2024-02-29T14:58:23 IST" skipped="0">
  <testcase classname="testauthentications.TestAuthentication" name="testPreemptiveAuthentication" time="1.341"/>
  <system-out/>
  <testcase classname="testauthentications.TestAuthentication" name="testDigestAuthentication" time="1.456"/>
  <system-out/>
  <testcase classname="testauthentications.TestAuthentication" name="testBasicAuthentication" time="3.700"/>
  <system-out/>
</testsuite> <!-- testauthentications.TestAuthentication -->
