<?xml version="1.0" encoding="UTF-8"?>
<!-- Generated by org.testng.reporters.JUnitReportReporter -->
<testsuite hostname="DESKTOP-1S8TIOT" failures="0" tests="1" name="testauthentications.TestBasicAuthentication" time="4.068" errors="0" timestamp="2024-02-29T14:53:26 IST" skipped="0">
  <testcase classname="testauthentications.TestBasicAuthentication" name="testBasicAuthentication" time="4.068"/>
  <system-out/>
</testsuite> <!-- testauthentications.TestBasicAuthentication -->
