<?xml version="1.0" encoding="UTF-8"?>
<!-- Generated by org.testng.reporters.JUnitReportReporter -->
<testsuite hostname="DESKTOP-1S8TIOT" failures="0" tests="1" name="parsingresponsebody.TestXmlResponseBody" time="2.042" errors="0" timestamp="2024-02-29T12:52:32 IST" skipped="0">
  <testcase classname="parsingresponsebody.TestXmlResponseBody" name="testXMLResponse3" time="2.042"/>
  <system-out/>
</testsuite> <!-- parsingresponsebody.TestXmlResponseBody -->
