<?xml version="1.0" encoding="UTF-8"?>
<!-- Generated by org.testng.reporters.JUnitReportReporter -->
<testsuite hostname="DESKTOP-1S8TIOT" failures="0" tests="1" name="parsingresponsebody.TestJsonResponseBody" time="1.755" errors="0" timestamp="2024-02-29T12:22:14 IST" skipped="0">
  <testcase classname="parsingresponsebody.TestJsonResponseBody" name="testJsonResponseBody6" time="1.755"/>
  <system-out/>
</testsuite> <!-- parsingresponsebody.TestJsonResponseBody -->
