<?xml version="1.0" encoding="UTF-8"?>
<!-- Generated by org.testng.reporters.JUnitReportReporter -->
<testsuite hostname="DESKTOP-1S8TIOT" failures="0" tests="1" name="parsingresponsebody.TestResponseBody" time="2.181" errors="0" timestamp="2024-02-29T11:40:18 IST" skipped="0">
  <testcase classname="parsingresponsebody.TestResponseBody" name="testJsonResponseBody4" time="2.181"/>
  <system-out/>
</testsuite> <!-- parsingresponsebody.TestResponseBody -->
