<?xml version="1.0" encoding="UTF-8"?>
<!-- Generated by org.testng.reporters.JUnitReportReporter -->
<testsuite hostname="DESKTOP-1S8TIOT" failures="0" tests="5" name="api.test.DDTests" time="15.828" errors="0" timestamp="2024-02-29T23:05:48 IST" skipped="0">
  <testcase classname="api.test.DDTests" name="testPostuser" time="2.382"/>
  <system-out/>
  <testcase classname="api.test.DDTests" name="testPostuser" time="2.490"/>
  <system-out/>
  <testcase classname="api.test.DDTests" name="testPostuser" time="3.832"/>
  <system-out/>
  <testcase classname="api.test.DDTests" name="testPostuser" time="1.385"/>
  <system-out/>
  <testcase classname="api.test.DDTests" name="testPostuser" time="5.739"/>
  <system-out/>
</testsuite> <!-- api.test.DDTests -->
