<?xml version="1.0" encoding="UTF-8"?>
<!-- Generated by org.testng.reporters.JUnitReportReporter -->
<testsuite hostname="DESKTOP-1S8TIOT" failures="0" tests="4" name="api.test.UserTests" time="14.652" errors="0" timestamp="2024-02-29T23:18:39 IST" skipped="0">
  <testcase classname="api.test.UserTests" name="testPostUser" time="4.959"/>
  <system-out/>
  <testcase classname="api.test.UserTests" name="testGetUserByName" time="2.021"/>
  <system-out/>
  <testcase classname="api.test.UserTests" name="testUpdateUserByName" time="4.692"/>
  <system-out/>
  <testcase classname="api.test.UserTests" name="testDeleteUserByName" time="2.980"/>
  <system-out/>
</testsuite> <!-- api.test.UserTests -->
