<?xml version="1.0" encoding="UTF-8"?>
<!-- Generated by org.testng.reporters.JUnitReportReporter -->
<testsuite hostname="DESKTOP-1S8TIOT" failures="0" tests="1" name="com.screenshotontestfail.AttendenceReportsAutomateTests" time="10.141" errors="0" timestamp="2024-03-02T14:30:45 IST" skipped="0">
  <testcase classname="com.screenshotontestfail.AttendenceReportsAutomateTests" name="testToShowUserAttendanceReport" time="10.141"/>
</testsuite> <!-- com.screenshotontestfail.AttendenceReportsAutomateTests -->
