<?xml version="1.0" encoding="UTF-8"?>
<!-- Generated by org.testng.reporters.JUnitReportReporter -->
<testsuite hostname="DESKTOP-1S8TIOT" failures="0" tests="4" name="com.testattendancetracking.AttendanceReportsValidationTest" time="36.501" errors="0" timestamp="2024-03-04T14:56:29 IST" skipped="0">
  <testcase classname="com.testattendancetracking.AttendanceReportsValidationTest" name="testToVerifyUserNameInReports" time="13.556"/>
  <testcase classname="com.testattendancetracking.AttendanceReportsValidationTest" name="testToVerifyUserAttendanceInReports" time="13.712"/>
  <testcase classname="com.testattendancetracking.AttendanceReportsValidationTest" name="testNavigationToAttendancReporttab" time="1.036"/>
  <testcase classname="com.testattendancetracking.AttendanceReportsValidationTest" name="testToShowUserAttendanceReport" time="8.197"/>
</testsuite> <!-- com.testattendancetracking.AttendanceReportsValidationTest -->
