<?xml version="1.0" encoding="UTF-8"?>
<!-- Generated by org.testng.reporters.JUnitReportReporter -->
<testsuite hostname="DESKTOP-1S8TIOT" failures="0" tests="1" name="com.screenshotontestfail.AttendenceReportAutomateTests" time="17.730" errors="0" timestamp="2024-03-02T15:05:10 IST" skipped="0">
  <testcase classname="com.screenshotontestfail.AttendenceReportAutomateTests" name="testToVerifyUserNameInReports" time="17.730"/>
</testsuite> <!-- com.screenshotontestfail.AttendenceReportAutomateTests -->
