<?xml version="1.0" encoding="UTF-8"?>
<!-- Generated by org.testng.reporters.JUnitReportReporter -->
<testsuite hostname="DESKTOP-1S8TIOT" failures="0" tests="4" name="com.testattendancetracking.AttendanceReportsValidationTest" time="54.885" errors="0" timestamp="2024-03-05T16:17:38 IST" skipped="0">
  <testcase classname="com.testattendancetracking.AttendanceReportsValidationTest" name="testToShowUserAttendanceReport" time="7.952"/>
  <testcase classname="com.testattendancetracking.AttendanceReportsValidationTest" name="testToVerifyUserNameInReports" time="20.340"/>
  <testcase classname="com.testattendancetracking.AttendanceReportsValidationTest" name="testToVerifyUserAttendanceInReports" time="25.532"/>
  <testcase classname="com.testattendancetracking.AttendanceReportsValidationTest" name="testNavigationToAttendancReporttab" time="1.061"/>
</testsuite> <!-- com.testattendancetracking.AttendanceReportsValidationTest -->
