<?xml version="1.0" encoding="UTF-8"?>
<!-- Generated by org.testng.reporters.JUnitReportReporter -->
<testsuite hostname="DESKTOP-1S8TIOT" failures="0" tests="1" name="com.attendancetracktests.ViewAttendanceHistoryTest" time="8.478" errors="0" timestamp="2024-03-02T20:27:49 IST" skipped="0">
  <testcase classname="com.attendancetracktests.ViewAttendanceHistoryTest" name="testToVerifyUserAttendanceHistory" time="8.478"/>
</testsuite> <!-- com.attendancetracktests.ViewAttendanceHistoryTest -->
