<?xml version="1.0" encoding="UTF-8"?>
<!-- Generated by org.testng.reporters.JUnitReportReporter -->
<testsuite hostname="DESKTOP-1S8TIOT" failures="0" tests="1" name="com.orangehrm.leavemodule.LeaveApplyAutomateTest" time="15.963" errors="0" timestamp="2024-03-12T18:45:01 IST" skipped="0">
  <testcase classname="com.orangehrm.leavemodule.LeaveApplyAutomateTest" name="leaveapplytest" time="15.963"/>
</testsuite> <!-- com.orangehrm.leavemodule.LeaveApplyAutomateTest -->
