<?xml version="1.0" encoding="UTF-8"?>
<!-- Generated by org.testng.reporters.JUnitReportReporter -->
<testsuite hostname="DESKTOP-1S8TIOT" failures="0" tests="1" name="com.orangehrm.organization.AddLocationAutomateTest" time="6.825" errors="0" timestamp="2024-03-12T16:03:17 IST" skipped="0">
  <testcase classname="com.orangehrm.organization.AddLocationAutomateTest" name="addLocation" time="6.825"/>
</testsuite> <!-- com.orangehrm.organization.AddLocationAutomateTest -->
