<?xml version="1.0" encoding="UTF-8"?>
<!-- Generated by org.testng.reporters.JUnitReportReporter -->
<testsuite hostname="DESKTOP-1S8TIOT" failures="0" tests="1" name="com.orangehrm.leavemodule.LeaveManageAutomateTest" time="8.184" errors="0" timestamp="2024-03-13T11:32:08 IST" skipped="0">
  <testcase classname="com.orangehrm.leavemodule.LeaveManageAutomateTest" name="myLeavetest" time="8.184"/>
</testsuite> <!-- com.orangehrm.leavemodule.LeaveManageAutomateTest -->
