<?xml version="1.0" encoding="UTF-8"?>
<!-- Generated by org.testng.reporters.JUnitReportReporter -->
<testsuite hostname="DESKTOP-1S8TIOT" failures="0" tests="1" name="com.orangehrm.job.AddJobCategoryAutomate" time="6.094" errors="0" timestamp="2024-03-12T14:31:41 IST" skipped="0">
  <testcase classname="com.orangehrm.job.AddJobCategoryAutomate" name="addJobCategory" time="6.094"/>
</testsuite> <!-- com.orangehrm.job.AddJobCategoryAutomate -->
