<?xml version="1.0" encoding="UTF-8"?>
<!-- Generated by org.testng.reporters.JUnitXMLReporter -->
<testsuite ignored="0" hostname="DESKTOP-1S8TIOT" failures="0" tests="1" name="Test-1" time="14.062" errors="0" timestamp="2024-03-26T12:02:33 IST">
  <testcase classname="com.orangehrm.crossbrowsertest.CrossBrowserLoginAutomateTest" name="crossBrowsertest" time="12.375"/>
</testsuite> <!-- Test-1 -->
