<?xml version="1.0" encoding="UTF-8"?>
<!-- Generated by org.testng.reporters.JUnitXMLReporter -->
<testsuite ignored="0" hostname="DESKTOP-1S8TIOT" failures="0" tests="1" name="Test-2" time="10.537" errors="0" timestamp="2024-03-26T12:02:43 IST">
  <testcase classname="com.orangehrm.crossbrowsertest.CrossBrowserLoginAutomateTest" name="crossBrowsertest" time="8.565"/>
</testsuite> <!-- Test-2 -->
