<?xml version="1.0" encoding="UTF-8"?>
<!-- Generated by org.testng.reporters.JUnitReportReporter -->
<testsuite hostname="DESKTOP-1S8TIOT" failures="0" tests="2" name="restassuredcookiesandheaders.TestHeaders" time="2.491" errors="0" timestamp="2024-02-28T23:33:45 IST" skipped="0">
  <testcase classname="restassuredcookiesandheaders.TestHeaders" name="testHeaders" time="2.288"/>
  <system-out/>
  <testcase classname="restassuredcookiesandheaders.TestHeaders" name="getHeaders" time="0.203"/>
  <system-out/>
</testsuite> <!-- restassuredcookiesandheaders.TestHeaders -->
