<?xml version="1.0" encoding="UTF-8"?>
<!-- Generated by org.testng.reporters.JUnitReportReporter -->
<testsuite hostname="DESKTOP-1S8TIOT" failures="0" tests="4" name="com.restassured.HttpRequests" time="4.153" errors="0" timestamp="2024-02-28T14:32:15 IST" skipped="0">
  <testcase classname="com.restassured.HttpRequests" name="getUsers" time="2.451"/>
  <system-out/>
  <testcase classname="com.restassured.HttpRequests" name="createUser" time="0.771"/>
  <system-out/>
  <testcase classname="com.restassured.HttpRequests" name="UpdateUser" time="0.561"/>
  <system-out/>
  <testcase classname="com.restassured.HttpRequests" name="deleteUser" time="0.370"/>
  <system-out/>
</testsuite> <!-- com.restassured.HttpRequests -->
