<?xml version="1.0" encoding="UTF-8"?>
<!-- Generated by org.testng.reporters.JUnitReportReporter -->
<testsuite hostname="DESKTOP-1S8TIOT" failures="0" tests="1" name="restassuredqueryandpath.TestQueryAndPath" time="2.359" errors="0" timestamp="2024-02-28T18:26:07 IST" skipped="0">
  <testcase classname="restassuredqueryandpath.TestQueryAndPath" name="testQueryAndPathParameters" time="2.359"/>
  <system-out/>
</testsuite> <!-- restassuredqueryandpath.TestQueryAndPath -->
