<?xml version="1.0" encoding="UTF-8"?>
<!-- Generated by org.testng.reporters.JUnitReportReporter -->
<testsuite hostname="DESKTOP-1S8TIOT" failures="0" tests="2" name="restassuredhttprequests.HttpRequests" time="3.926" errors="0" timestamp="2024-02-28T22:42:17 IST" skipped="0">
  <testcase classname="restassuredhttprequests.HttpRequests" name="createUser" time="3.074"/>
  <system-out/>
  <testcase classname="restassuredhttprequests.HttpRequests" name="UpdateUser" time="0.852"/>
  <system-out/>
</testsuite> <!-- restassuredhttprequests.HttpRequests -->
