<?xml version="1.0" encoding="UTF-8"?>
<!-- Generated by org.testng.reporters.JUnitReportReporter -->
<testsuite hostname="DESKTOP-1S8TIOT" failures="0" tests="1" name="restassuredcookiesandheaders.TestCookies" time="2.154" errors="0" timestamp="2024-02-28T23:33:16 IST" skipped="0">
  <testcase classname="restassuredcookiesandheaders.TestCookies" name="getCookieInfo" time="2.154"/>
  <system-out/>
</testsuite> <!-- restassuredcookiesandheaders.TestCookies -->
