<?xml version="1.0" encoding="UTF-8"?>
<!-- Generated by org.testng.reporters.JUnitReportReporter -->
<testsuite hostname="DESKTOP-1S8TIOT" failures="0" tests="1" name="restassuredcookiesandheaders.TestCookiesAndHeaders" time="2.556" errors="0" timestamp="2024-02-28T22:10:56 IST" skipped="0">
  <testcase classname="restassuredcookiesandheaders.TestCookiesAndHeaders" name="getCookieInfo" time="2.556"/>
  <system-out/>
</testsuite> <!-- restassuredcookiesandheaders.TestCookiesAndHeaders -->
