<?xml version="1.0" encoding="UTF-8"?>
<!-- Generated by org.testng.reporters.JUnitReportReporter -->
<testsuite hostname="DESKTOP-1S8TIOT" failures="0" tests="4" name="restassuredhttprequests.TestHttpRequests" time="4.906" errors="0" timestamp="2024-02-28T23:28:26 IST" skipped="0">
  <testcase classname="restassuredhttprequests.TestHttpRequests" name="getUsers" time="2.893"/>
  <system-out/>
  <testcase classname="restassuredhttprequests.TestHttpRequests" name="createUser" time="0.912"/>
  <system-out/>
  <testcase classname="restassuredhttprequests.TestHttpRequests" name="UpdateUser" time="0.652"/>
  <system-out/>
  <testcase classname="restassuredhttprequests.TestHttpRequests" name="deleteUser" time="0.449"/>
  <system-out/>
</testsuite> <!-- restassuredhttprequests.TestHttpRequests -->
