<?xml version="1.0" encoding="UTF-8"?>
<!-- Generated by org.testng.reporters.JUnitReportReporter -->
<testsuite hostname="DESKTOP-1S8TIOT" failures="0" tests="1" name="com.restassured.PostMethodUsingPOJO" time="2.901" errors="0" timestamp="2024-02-28T17:34:18 IST" skipped="0">
  <testcase classname="com.restassured.PostMethodUsingPOJO" name="testPostusingPOJO" time="2.901"/>
  <system-out/>
</testsuite> <!-- com.restassured.PostMethodUsingPOJO -->
