<?xml version="1.0" encoding="UTF-8"?>
<!-- Generated by org.testng.reporters.JUnitReportReporter -->
<testsuite hostname="DESKTOP-1S8TIOT" failures="0" tests="1" name="restassuredlogs.TestLogs" time="2.026" errors="0" timestamp="2024-02-28T23:33:56 IST" skipped="0">
  <testcase classname="restassuredlogs.TestLogs" name="testLogs" time="2.026"/>
  <system-out/>
</testsuite> <!-- restassuredlogs.TestLogs -->
