<?xml version="1.0" encoding="UTF-8"?>
<!-- Generated by org.testng.reporters.JUnitReportReporter -->
<testsuite hostname="DESKTOP-1S8TIOT" failures="0" tests="4" name="com.restassured.HttpRequests" time="4.034" errors="0" timestamp="2024-02-28T16:10:35 IST" skipped="0">
  <testcase classname="com.restassured.HttpRequests" name="getUsers" time="2.264"/>
  <system-out/>
  <testcase classname="com.restassured.HttpRequests" name="createUser" time="0.865"/>
  <system-out/>
  <testcase classname="com.restassured.HttpRequests" name="UpdateUser" time="0.531"/>
  <system-out/>
  <testcase classname="com.restassured.HttpRequests" name="deleteUser" time="0.374"/>
  <system-out/>
</testsuite> <!-- com.restassured.HttpRequests -->
