<?xml version="1.0" encoding="UTF-8"?>
<!-- Generated by org.testng.reporters.JUnitReportReporter -->
<testsuite hostname="DESKTOP-1S8TIOT" failures="0" tests="1" name="com.fnp.FnpAutomateTest" time="35.478" errors="0" timestamp="2024-03-22T11:09:46 IST" skipped="0">
  <testcase classname="com.fnp.FnpAutomateTest" name="addToCarttest" time="35.478"/>
</testsuite> <!-- com.fnp.FnpAutomateTest -->
