<?xml version="1.0" encoding="UTF-8"?>
<!-- Generated by org.testng.reporters.JUnitReportReporter -->
<testsuite hostname="DESKTOP-1S8TIOT" failures="0" tests="1" name="com.orangehrm.usermanagement.UserMangementAutomateTest" time="21.174" errors="0" timestamp="2024-03-12T16:03:17 IST" skipped="0">
  <testcase classname="com.orangehrm.usermanagement.UserMangementAutomateTest" name="addUserDetails" time="21.174"/>
</testsuite> <!-- com.orangehrm.usermanagement.UserMangementAutomateTest -->
