<?xml version="1.0" encoding="UTF-8"?>
<!-- Generated by org.testng.reporters.JUnitReportReporter -->
<testsuite hostname="DESKTOP-1S8TIOT" failures="0" tests="1" name="com.orangehrm.job.AddPayGradeAutomate" time="5.364" errors="0" timestamp="2024-03-12T15:16:57 IST" skipped="0">
  <testcase classname="com.orangehrm.job.AddPayGradeAutomate" name="addPayGrade" time="5.364"/>
</testsuite> <!-- com.orangehrm.job.AddPayGradeAutomate -->
