<?xml version="1.0" encoding="UTF-8"?>
<!-- Generated by org.testng.reporters.JUnitReportReporter -->
<testsuite hostname="DESKTOP-1S8TIOT" failures="0" tests="1" name="com.orangehrm.organization.AddLocationAutomate" time="6.868" errors="0" timestamp="2024-03-12T15:32:18 IST" skipped="0">
  <testcase classname="com.orangehrm.organization.AddLocationAutomate" name="addLocation" time="6.868"/>
</testsuite> <!-- com.orangehrm.organization.AddLocationAutomate -->
