<?xml version="1.0" encoding="UTF-8"?>
<!-- Generated by org.testng.reporters.JUnitReportReporter -->
<testsuite hostname="DESKTOP-1S8TIOT" failures="0" tests="1" name="com.orangehrm.nationalities.AddNationalityAutomateTest" time="5.713" errors="0" timestamp="2024-03-12T16:03:17 IST" skipped="0">
  <testcase classname="com.orangehrm.nationalities.AddNationalityAutomateTest" name="addNationality" time="5.713"/>
</testsuite> <!-- com.orangehrm.nationalities.AddNationalityAutomateTest -->
