<?xml version="1.0" encoding="UTF-8"?>
<!-- Generated by org.testng.reporters.JUnitReportReporter -->
<testsuite hostname="DESKTOP-1S8TIOT" failures="0" tests="1" name="com.orangehrm.configuration.AddProviderAutomate" time="6.494" errors="0" timestamp="2024-03-12T15:42:37 IST" skipped="0">
  <testcase classname="com.orangehrm.configuration.AddProviderAutomate" name="addProvider" time="6.494"/>
</testsuite> <!-- com.orangehrm.configuration.AddProviderAutomate -->
