<?xml version="1.0" encoding="UTF-8"?>
<!-- Generated by org.testng.reporters.JUnitReportReporter -->
<testsuite hostname="DESKTOP-1S8TIOT" failures="0" tests="1" name="com.orangehrm.qualifications.AddSkillAutomateTest" time="5.745" errors="0" timestamp="2024-03-12T16:03:17 IST" skipped="0">
  <testcase classname="com.orangehrm.qualifications.AddSkillAutomateTest" name="addSkill" time="5.745"/>
</testsuite> <!-- com.orangehrm.qualifications.AddSkillAutomateTest -->
