<?xml version="1.0" encoding="UTF-8"?>
<!-- Generated by org.testng.reporters.JUnitReportReporter -->
<testsuite hostname="DESKTOP-1S8TIOT" failures="0" tests="4" name="runner.TestRunner" time="33.135" errors="0" timestamp="2024-04-01T17:58:05 IST" skipped="0">
  <testcase classname="runner.TestRunner" name="runScenario" time="7.074"/>
  <testcase classname="runner.TestRunner" name="runScenario" time="8.449"/>
  <testcase classname="runner.TestRunner" name="runScenario" time="10.278"/>
  <testcase classname="runner.TestRunner" name="runScenario" time="7.334"/>
</testsuite> <!-- runner.TestRunner -->
