<?xml version="1.0" encoding="UTF-8"?>
<!-- Generated by org.testng.reporters.JUnitReportReporter -->
<testsuite hostname="DESKTOP-1S8TIOT" failures="0" tests="1" name="com.orangehrm.leavemodule.LeaveReportAutomateTest" time="17.071" errors="0" timestamp="2024-03-13T12:04:15 IST" skipped="0">
  <testcase classname="com.orangehrm.leavemodule.LeaveReportAutomateTest" name="LeaveUsageReport" time="17.071"/>
</testsuite> <!-- com.orangehrm.leavemodule.LeaveReportAutomateTest -->
