<?xml version="1.0" encoding="UTF-8"?>
<!-- Generated by org.testng.reporters.JUnitReportReporter -->
<testsuite hostname="DESKTOP-1S8TIOT" failures="0" tests="1" name="com.orangehrm.job.AddEmploymentStatusAutomate" time="7.148" errors="0" timestamp="2024-03-12T14:14:45 IST" skipped="0">
  <testcase classname="com.orangehrm.job.AddEmploymentStatusAutomate" name="addEmploymentStatus" time="7.148"/>
</testsuite> <!-- com.orangehrm.job.AddEmploymentStatusAutomate -->
