<?xml version="1.0" encoding="UTF-8"?>
<!-- Generated by org.testng.reporters.JUnitReportReporter -->
<testsuite hostname="DESKTOP-1S8TIOT" failures="0" tests="2" name="com.orangehrm.crossbrowsertest.CrossBrowserLoginAutomateTest" time="20.940" errors="0" timestamp="2024-03-26T12:02:43 IST" skipped="0">
  <testcase classname="com.orangehrm.crossbrowsertest.CrossBrowserLoginAutomateTest" name="crossBrowsertest" time="12.375"/>
  <testcase classname="com.orangehrm.crossbrowsertest.CrossBrowserLoginAutomateTest" name="crossBrowsertest" time="8.565"/>
</testsuite> <!-- com.orangehrm.crossbrowsertest.CrossBrowserLoginAutomateTest -->
