<?xml version="1.0" encoding="UTF-8"?>
<!-- Generated by org.testng.reporters.JUnitReportReporter -->
<testsuite hostname="DESKTOP-1S8TIOT" failures="0" tests="1" name="com.orangehrm.admin.memberships.MembershipsOperationAutomateTest" time="8.160" errors="0" timestamp="2024-03-15T12:36:50 IST" skipped="0">
  <testcase classname="com.orangehrm.admin.memberships.MembershipsOperationAutomateTest" name="deleteMembershiptest" time="8.160"/>
</testsuite> <!-- com.orangehrm.admin.memberships.MembershipsOperationAutomateTest -->
