<?xml version="1.0" encoding="UTF-8"?>
<!-- Generated by org.testng.reporters.JUnitReportReporter -->
<testsuite hostname="DESKTOP-1S8TIOT" failures="0" tests="1" name="com.orangehrm.job.AddPayGradeAutomateTest" time="5.983" errors="0" timestamp="2024-03-12T16:03:17 IST" skipped="0">
  <testcase classname="com.orangehrm.job.AddPayGradeAutomateTest" name="addPayGrade" time="5.983"/>
</testsuite> <!-- com.orangehrm.job.AddPayGradeAutomateTest -->
