<?xml version="1.0" encoding="UTF-8"?>
<!-- Generated by org.testng.reporters.JUnitReportReporter -->
<testsuite hostname="DESKTOP-1S8TIOT" failures="0" tests="1" name="com.orangehrm.leavemodule.LeaveReportAutomateTest" time="8.100" errors="0" timestamp="2024-03-13T15:31:10 IST" skipped="0">
  <testcase classname="com.orangehrm.leavemodule.LeaveReportAutomateTest" name="MyLeaveUsageReport" time="8.100"/>
</testsuite> <!-- com.orangehrm.leavemodule.LeaveReportAutomateTest -->
