<?xml version="1.0" encoding="UTF-8"?>
<!-- Generated by org.testng.reporters.JUnitReportReporter -->
<testsuite hostname="DESKTOP-1S8TIOT" failures="0" tests="1" name="com.orangehrm.nationalities.AddNationalityAutomate" time="6.249" errors="0" timestamp="2024-03-12T15:26:28 IST" skipped="0">
  <testcase classname="com.orangehrm.nationalities.AddNationalityAutomate" name="addNationality" time="6.249"/>
</testsuite> <!-- com.orangehrm.nationalities.AddNationalityAutomate -->
