<?xml version="1.0" encoding="UTF-8"?>
<!-- Generated by org.testng.reporters.JUnitReportReporter -->
<testsuite hostname="DESKTOP-1S8TIOT" failures="0" tests="1" name="com.orangehrm.usermanagement.AddUserAutomateTest" time="7.891" errors="0" timestamp="2024-03-12T12:12:50 IST" skipped="0">
  <testcase classname="com.orangehrm.usermanagement.AddUserAutomateTest" name="addUser" time="7.891"/>
</testsuite> <!-- com.orangehrm.usermanagement.AddUserAutomateTest -->
