<?xml version="1.0" encoding="UTF-8"?>
<!-- Generated by org.testng.reporters.JUnitReportReporter -->
<testsuite hostname="DESKTOP-1S8TIOT" failures="0" tests="1" name="com.orangehrm.configuration.EmailConfigAutomate" time="5.388" errors="0" timestamp="2024-03-12T15:42:12 IST" skipped="0">
  <testcase classname="com.orangehrm.configuration.EmailConfigAutomate" name="configureEmailSettings" time="5.388"/>
</testsuite> <!-- com.orangehrm.configuration.EmailConfigAutomate -->
