<?xml version="1.0" encoding="UTF-8"?>
<!-- Generated by org.testng.reporters.JUnitReportReporter -->
<testsuite hostname="DESKTOP-1S8TIOT" failures="0" tests="5" name="com.orangehrm.leavemodule.LeaveManageAutomateTest" time="51.162" errors="0" timestamp="2024-03-15T14:53:02 IST" skipped="0">
  <testcase classname="com.orangehrm.leavemodule.LeaveManageAutomateTest" name="leavelisttest" time="12.366"/>
  <testcase classname="com.orangehrm.leavemodule.LeaveManageAutomateTest" name="assignleavetest" time="14.950"/>
  <testcase classname="com.orangehrm.leavemodule.LeaveManageAutomateTest" name="leaveUsageReport" time="8.903"/>
  <testcase classname="com.orangehrm.leavemodule.LeaveManageAutomateTest" name="myLeaveUsageReport" time="6.580"/>
  <testcase classname="com.orangehrm.leavemodule.LeaveManageAutomateTest" name="myLeavetest" time="8.363"/>
</testsuite> <!-- com.orangehrm.leavemodule.LeaveManageAutomateTest -->
